<?xml version="1.0" encoding="UTF-8"?>
<!-- Generated by org.testng.reporters.JUnitReportReporter -->
<testsuite hostname="Danishs-Air" name="TestCases.BookShelvesUnitTest" tests="2" failures="0" timestamp="8 Jun 2020 11:37:02 GMT" time="123.813" errors="0">
  <testcase name="BookshelvesUnitTest1" time="65.549" classname="TestCases.BookShelvesUnitTest"/>
  <testcase name="BookshelvesUnitTest2" time="58.264" classname="TestCases.BookShelvesUnitTest"/>
</testsuite> <!-- TestCases.BookShelvesUnitTest -->
