<?xml version="1.0" encoding="UTF-8"?>
<!-- Generated by org.testng.reporters.JUnitReportReporter -->
<testsuite hostname="Danishs-Air" name="TestCases.ChairsTest" tests="2" failures="0" timestamp="4 Jun 2020 19:20:07 GMT" time="65.523" errors="0">
  <testcase name="ChairsTest2" time="33.560" classname="TestCases.ChairsTest"/>
  <testcase name="ChairsTest1" time="31.963" classname="TestCases.ChairsTest"/>
</testsuite> <!-- TestCases.ChairsTest -->
