<?xml version="1.0" encoding="UTF-8"?>
<!-- Generated by org.testng.reporters.JUnitReportReporter -->
<testsuite hostname="Danishs-Air" name="TestCases.BookshelvesChairsIntegrationTest" tests="2" failures="0" timestamp="8 Jun 2020 11:59:31 GMT" time="153.265" errors="0">
  <testcase name="BookshelvesChairsIntegrationTest1" time="76.160" classname="TestCases.BookshelvesChairsIntegrationTest"/>
  <testcase name="BookshelvesChairsIntegrationTest2" time="77.105" classname="TestCases.BookshelvesChairsIntegrationTest"/>
</testsuite> <!-- TestCases.BookshelvesChairsIntegrationTest -->
